[2023-12-19T15:51:45.296+0000] {taskinstance.py:1103} INFO - Dependencies all met for dep_context=non-requeueable deps ti=<TaskInstance: producer_dag.generate_random_data_task scheduled__2021-01-01T00:00:00+00:00 [queued]>
[2023-12-19T15:51:45.303+0000] {taskinstance.py:1103} INFO - Dependencies all met for dep_context=requeueable deps ti=<TaskInstance: producer_dag.generate_random_data_task scheduled__2021-01-01T00:00:00+00:00 [queued]>
[2023-12-19T15:51:45.303+0000] {taskinstance.py:1308} INFO - Starting attempt 1 of 1
[2023-12-19T15:51:45.314+0000] {taskinstance.py:1327} INFO - Executing <Task(PythonOperator): generate_random_data_task> on 2021-01-01 00:00:00+00:00
[2023-12-19T15:51:45.319+0000] {standard_task_runner.py:57} INFO - Started process 1057 to run task
[2023-12-19T15:51:45.321+0000] {standard_task_runner.py:84} INFO - Running: ['***', 'tasks', 'run', 'producer_dag', 'generate_random_data_task', 'scheduled__2021-01-01T00:00:00+00:00', '--job-id', '198', '--raw', '--subdir', 'DAGS_FOLDER/producer.py', '--cfg-path', '/tmp/tmpucy0sl5r']
[2023-12-19T15:51:45.323+0000] {standard_task_runner.py:85} INFO - Job 198: Subtask generate_random_data_task
[2023-12-19T15:51:45.357+0000] {task_command.py:410} INFO - Running <TaskInstance: producer_dag.generate_random_data_task scheduled__2021-01-01T00:00:00+00:00 [running]> on host 4c090ea0c10a
[2023-12-19T15:51:45.413+0000] {taskinstance.py:1547} INFO - Exporting env vars: AIRFLOW_CTX_DAG_OWNER='***' AIRFLOW_CTX_DAG_ID='producer_dag' AIRFLOW_CTX_TASK_ID='generate_random_data_task' AIRFLOW_CTX_EXECUTION_DATE='2021-01-01T00:00:00+00:00' AIRFLOW_CTX_TRY_NUMBER='1' AIRFLOW_CTX_DAG_RUN_ID='scheduled__2021-01-01T00:00:00+00:00'
[2023-12-19T15:51:45.825+0000] {warnings.py:110} WARNING - /opt/***/dags/producer.py:40: SettingWithCopyWarning: 
A value is trying to be set on a copy of a slice from a DataFrame.
Try using .loc[row_indexer,col_indexer] = value instead

See the caveats in the documentation: https://pandas.pydata.org/pandas-docs/stable/user_guide/indexing.html#returning-a-view-versus-a-copy
  lstm_df[col] = low_val

[2023-12-19T15:51:45.835+0000] {python.py:183} INFO - Done. Returned value was: ([[3.60279, 7.01217, 6.04692, 410.31, 52.50339, 2546.4375]], [[3.682602], [4.06424], [3.923038]], MinMaxScaler())
[2023-12-19T15:51:45.854+0000] {taskinstance.py:1350} INFO - Marking task as SUCCESS. dag_id=producer_dag, task_id=generate_random_data_task, execution_date=20210101T000000, start_date=20231219T155145, end_date=20231219T155145
[2023-12-19T15:51:45.894+0000] {local_task_job_runner.py:225} INFO - Task exited with return code 0
[2023-12-19T15:51:45.909+0000] {taskinstance.py:2653} INFO - 1 downstream tasks scheduled from follow-on schedule check
[2023-12-23T05:22:14.728+0000] {taskinstance.py:1103} INFO - Dependencies all met for dep_context=non-requeueable deps ti=<TaskInstance: producer_dag.generate_random_data_task scheduled__2021-01-01T00:00:00+00:00 [queued]>
[2023-12-23T05:22:14.736+0000] {taskinstance.py:1103} INFO - Dependencies all met for dep_context=requeueable deps ti=<TaskInstance: producer_dag.generate_random_data_task scheduled__2021-01-01T00:00:00+00:00 [queued]>
[2023-12-23T05:22:14.736+0000] {taskinstance.py:1308} INFO - Starting attempt 1 of 1
[2023-12-23T05:22:14.751+0000] {taskinstance.py:1327} INFO - Executing <Task(PythonOperator): generate_random_data_task> on 2021-01-01 00:00:00+00:00
[2023-12-23T05:22:14.756+0000] {standard_task_runner.py:57} INFO - Started process 465 to run task
[2023-12-23T05:22:14.758+0000] {standard_task_runner.py:84} INFO - Running: ['***', 'tasks', 'run', 'producer_dag', 'generate_random_data_task', 'scheduled__2021-01-01T00:00:00+00:00', '--job-id', '12', '--raw', '--subdir', 'DAGS_FOLDER/producer.py', '--cfg-path', '/tmp/tmpeizly62z']
[2023-12-23T05:22:14.761+0000] {standard_task_runner.py:85} INFO - Job 12: Subtask generate_random_data_task
[2023-12-23T05:22:14.805+0000] {task_command.py:410} INFO - Running <TaskInstance: producer_dag.generate_random_data_task scheduled__2021-01-01T00:00:00+00:00 [running]> on host 0a80305749dd
[2023-12-23T05:22:14.875+0000] {taskinstance.py:1547} INFO - Exporting env vars: AIRFLOW_CTX_DAG_OWNER='***' AIRFLOW_CTX_DAG_ID='producer_dag' AIRFLOW_CTX_TASK_ID='generate_random_data_task' AIRFLOW_CTX_EXECUTION_DATE='2021-01-01T00:00:00+00:00' AIRFLOW_CTX_TRY_NUMBER='1' AIRFLOW_CTX_DAG_RUN_ID='scheduled__2021-01-01T00:00:00+00:00'
[2023-12-23T05:22:35.915+0000] {taskinstance.py:1824} ERROR - Task failed with exception
Traceback (most recent call last):
  File "/home/airflow/.local/lib/python3.7/site-packages/airflow/operators/python.py", line 181, in execute
    return_value = self.execute_callable()
  File "/home/airflow/.local/lib/python3.7/site-packages/airflow/operators/python.py", line 198, in execute_callable
    return self.python_callable(*self.op_args, **self.op_kwargs)
  File "/opt/airflow/dags/producer.py", line 21, in generate_random_data
    password="airflow"
  File "/home/airflow/.local/lib/python3.7/site-packages/psycopg2/__init__.py", line 122, in connect
    conn = _connect(dsn, connection_factory=connection_factory, **kwasync)
psycopg2.OperationalError: connection to server at "192.168.35.133", port 5432 failed: Connection refused
	Is the server running on that host and accepting TCP/IP connections?

[2023-12-23T05:22:35.922+0000] {taskinstance.py:1350} INFO - Marking task as FAILED. dag_id=producer_dag, task_id=generate_random_data_task, execution_date=20210101T000000, start_date=20231223T052214, end_date=20231223T052235
[2023-12-23T05:22:35.935+0000] {standard_task_runner.py:109} ERROR - Failed to execute job 12 for task generate_random_data_task (connection to server at "192.168.35.133", port 5432 failed: Connection refused
	Is the server running on that host and accepting TCP/IP connections?
; 465)
[2023-12-23T05:22:35.967+0000] {local_task_job_runner.py:225} INFO - Task exited with return code 1
[2023-12-23T05:22:35.980+0000] {taskinstance.py:2653} INFO - 0 downstream tasks scheduled from follow-on schedule check
[2023-12-23T15:52:20.926+0000] {taskinstance.py:1103} INFO - Dependencies all met for dep_context=non-requeueable deps ti=<TaskInstance: producer_dag.generate_random_data_task scheduled__2021-01-01T00:00:00+00:00 [queued]>
[2023-12-23T15:52:20.933+0000] {taskinstance.py:1103} INFO - Dependencies all met for dep_context=requeueable deps ti=<TaskInstance: producer_dag.generate_random_data_task scheduled__2021-01-01T00:00:00+00:00 [queued]>
[2023-12-23T15:52:20.933+0000] {taskinstance.py:1308} INFO - Starting attempt 1 of 1
[2023-12-23T15:52:20.943+0000] {taskinstance.py:1327} INFO - Executing <Task(PythonOperator): generate_random_data_task> on 2021-01-01 00:00:00+00:00
[2023-12-23T15:52:20.948+0000] {standard_task_runner.py:57} INFO - Started process 80 to run task
[2023-12-23T15:52:20.950+0000] {standard_task_runner.py:84} INFO - Running: ['***', 'tasks', 'run', 'producer_dag', 'generate_random_data_task', 'scheduled__2021-01-01T00:00:00+00:00', '--job-id', '6', '--raw', '--subdir', 'DAGS_FOLDER/producer.py', '--cfg-path', '/tmp/tmp3y8nl1cq']
[2023-12-23T15:52:20.952+0000] {standard_task_runner.py:85} INFO - Job 6: Subtask generate_random_data_task
[2023-12-23T15:52:20.987+0000] {task_command.py:410} INFO - Running <TaskInstance: producer_dag.generate_random_data_task scheduled__2021-01-01T00:00:00+00:00 [running]> on host f21c60d604df
[2023-12-23T15:52:21.050+0000] {taskinstance.py:1547} INFO - Exporting env vars: AIRFLOW_CTX_DAG_OWNER='***' AIRFLOW_CTX_DAG_ID='producer_dag' AIRFLOW_CTX_TASK_ID='generate_random_data_task' AIRFLOW_CTX_EXECUTION_DATE='2021-01-01T00:00:00+00:00' AIRFLOW_CTX_TRY_NUMBER='1' AIRFLOW_CTX_DAG_RUN_ID='scheduled__2021-01-01T00:00:00+00:00'
[2023-12-23T15:52:21.110+0000] {taskinstance.py:1824} ERROR - Task failed with exception
Traceback (most recent call last):
  File "/home/airflow/.local/lib/python3.7/site-packages/pandas/io/sql.py", line 2056, in execute
    cur.execute(*args, **kwargs)
psycopg2.errors.UndefinedTable: relation "kwater" does not exist
LINE 1: SELECT * FROM kwater
                      ^


The above exception was the direct cause of the following exception:

Traceback (most recent call last):
  File "/home/airflow/.local/lib/python3.7/site-packages/airflow/operators/python.py", line 181, in execute
    return_value = self.execute_callable()
  File "/home/airflow/.local/lib/python3.7/site-packages/airflow/operators/python.py", line 198, in execute_callable
    return self.python_callable(*self.op_args, **self.op_kwargs)
  File "/opt/airflow/dags/producer.py", line 24, in generate_random_data
    df = pd.read_sql(query, conn)
  File "/home/airflow/.local/lib/python3.7/site-packages/pandas/io/sql.py", line 608, in read_sql
    chunksize=chunksize,
  File "/home/airflow/.local/lib/python3.7/site-packages/pandas/io/sql.py", line 2116, in read_query
    cursor = self.execute(*args)
  File "/home/airflow/.local/lib/python3.7/site-packages/pandas/io/sql.py", line 2068, in execute
    raise ex from exc
pandas.io.sql.DatabaseError: Execution failed on sql 'SELECT * FROM kwater': relation "kwater" does not exist
LINE 1: SELECT * FROM kwater
                      ^

[2023-12-23T15:52:21.117+0000] {taskinstance.py:1350} INFO - Marking task as FAILED. dag_id=producer_dag, task_id=generate_random_data_task, execution_date=20210101T000000, start_date=20231223T155220, end_date=20231223T155221
[2023-12-23T15:52:21.128+0000] {standard_task_runner.py:109} ERROR - Failed to execute job 6 for task generate_random_data_task (Execution failed on sql 'SELECT * FROM kwater': relation "kwater" does not exist
LINE 1: SELECT * FROM kwater
                      ^
; 80)
[2023-12-23T15:52:21.168+0000] {local_task_job_runner.py:225} INFO - Task exited with return code 1
[2023-12-23T15:52:21.204+0000] {taskinstance.py:2653} INFO - 0 downstream tasks scheduled from follow-on schedule check
[2023-12-25T09:28:49.276+0000] {taskinstance.py:1103} INFO - Dependencies all met for dep_context=non-requeueable deps ti=<TaskInstance: producer_dag.generate_random_data_task scheduled__2021-01-01T00:00:00+00:00 [queued]>
[2023-12-25T09:28:49.290+0000] {taskinstance.py:1103} INFO - Dependencies all met for dep_context=requeueable deps ti=<TaskInstance: producer_dag.generate_random_data_task scheduled__2021-01-01T00:00:00+00:00 [queued]>
[2023-12-25T09:28:49.290+0000] {taskinstance.py:1308} INFO - Starting attempt 1 of 1
[2023-12-25T09:28:49.326+0000] {taskinstance.py:1327} INFO - Executing <Task(PythonOperator): generate_random_data_task> on 2021-01-01 00:00:00+00:00
[2023-12-25T09:28:49.336+0000] {standard_task_runner.py:57} INFO - Started process 196 to run task
[2023-12-25T09:28:49.348+0000] {standard_task_runner.py:84} INFO - Running: ['***', 'tasks', 'run', 'producer_dag', 'generate_random_data_task', 'scheduled__2021-01-01T00:00:00+00:00', '--job-id', '9', '--raw', '--subdir', 'DAGS_FOLDER/producer.py', '--cfg-path', '/tmp/tmpq3t7by4v']
[2023-12-25T09:28:49.350+0000] {standard_task_runner.py:85} INFO - Job 9: Subtask generate_random_data_task
[2023-12-25T09:28:49.450+0000] {task_command.py:410} INFO - Running <TaskInstance: producer_dag.generate_random_data_task scheduled__2021-01-01T00:00:00+00:00 [running]> on host 0fa599bd5d59
[2023-12-25T09:28:49.630+0000] {taskinstance.py:1547} INFO - Exporting env vars: AIRFLOW_CTX_DAG_OWNER='***' AIRFLOW_CTX_DAG_ID='producer_dag' AIRFLOW_CTX_TASK_ID='generate_random_data_task' AIRFLOW_CTX_EXECUTION_DATE='2021-01-01T00:00:00+00:00' AIRFLOW_CTX_TRY_NUMBER='1' AIRFLOW_CTX_DAG_RUN_ID='scheduled__2021-01-01T00:00:00+00:00'
[2023-12-25T09:28:49.690+0000] {taskinstance.py:1824} ERROR - Task failed with exception
Traceback (most recent call last):
  File "/home/airflow/.local/lib/python3.7/site-packages/pandas/io/sql.py", line 2056, in execute
    cur.execute(*args, **kwargs)
psycopg2.errors.UndefinedTable: relation "kwater" does not exist
LINE 1: SELECT * FROM kwater
                      ^


The above exception was the direct cause of the following exception:

Traceback (most recent call last):
  File "/home/airflow/.local/lib/python3.7/site-packages/airflow/operators/python.py", line 181, in execute
    return_value = self.execute_callable()
  File "/home/airflow/.local/lib/python3.7/site-packages/airflow/operators/python.py", line 198, in execute_callable
    return self.python_callable(*self.op_args, **self.op_kwargs)
  File "/opt/airflow/dags/producer.py", line 24, in generate_random_data
    df = pd.read_sql(query, conn)
  File "/home/airflow/.local/lib/python3.7/site-packages/pandas/io/sql.py", line 608, in read_sql
    chunksize=chunksize,
  File "/home/airflow/.local/lib/python3.7/site-packages/pandas/io/sql.py", line 2116, in read_query
    cursor = self.execute(*args)
  File "/home/airflow/.local/lib/python3.7/site-packages/pandas/io/sql.py", line 2068, in execute
    raise ex from exc
pandas.io.sql.DatabaseError: Execution failed on sql 'SELECT * FROM kwater': relation "kwater" does not exist
LINE 1: SELECT * FROM kwater
                      ^

[2023-12-25T09:28:49.710+0000] {taskinstance.py:1350} INFO - Marking task as FAILED. dag_id=producer_dag, task_id=generate_random_data_task, execution_date=20210101T000000, start_date=20231225T092849, end_date=20231225T092849
[2023-12-25T09:28:49.735+0000] {standard_task_runner.py:109} ERROR - Failed to execute job 9 for task generate_random_data_task (Execution failed on sql 'SELECT * FROM kwater': relation "kwater" does not exist
LINE 1: SELECT * FROM kwater
                      ^
; 196)
[2023-12-25T09:28:49.769+0000] {local_task_job_runner.py:225} INFO - Task exited with return code 1
[2023-12-25T09:28:49.835+0000] {taskinstance.py:2653} INFO - 0 downstream tasks scheduled from follow-on schedule check
[2023-12-25T11:08:10.504+0000] {taskinstance.py:1103} INFO - Dependencies all met for dep_context=non-requeueable deps ti=<TaskInstance: producer_dag.generate_random_data_task scheduled__2021-01-01T00:00:00+00:00 [queued]>
[2023-12-25T11:08:10.510+0000] {taskinstance.py:1103} INFO - Dependencies all met for dep_context=requeueable deps ti=<TaskInstance: producer_dag.generate_random_data_task scheduled__2021-01-01T00:00:00+00:00 [queued]>
[2023-12-25T11:08:10.510+0000] {taskinstance.py:1308} INFO - Starting attempt 1 of 1
[2023-12-25T11:08:10.520+0000] {taskinstance.py:1327} INFO - Executing <Task(PythonOperator): generate_random_data_task> on 2021-01-01 00:00:00+00:00
[2023-12-25T11:08:10.524+0000] {standard_task_runner.py:57} INFO - Started process 92 to run task
[2023-12-25T11:08:10.527+0000] {standard_task_runner.py:84} INFO - Running: ['***', 'tasks', 'run', 'producer_dag', 'generate_random_data_task', 'scheduled__2021-01-01T00:00:00+00:00', '--job-id', '3', '--raw', '--subdir', 'DAGS_FOLDER/producer.py', '--cfg-path', '/tmp/tmp6pj1443s']
[2023-12-25T11:08:10.529+0000] {standard_task_runner.py:85} INFO - Job 3: Subtask generate_random_data_task
[2023-12-25T11:08:10.559+0000] {task_command.py:410} INFO - Running <TaskInstance: producer_dag.generate_random_data_task scheduled__2021-01-01T00:00:00+00:00 [running]> on host c56b1de7f6cf
[2023-12-25T11:08:10.612+0000] {taskinstance.py:1547} INFO - Exporting env vars: AIRFLOW_CTX_DAG_OWNER='***' AIRFLOW_CTX_DAG_ID='producer_dag' AIRFLOW_CTX_TASK_ID='generate_random_data_task' AIRFLOW_CTX_EXECUTION_DATE='2021-01-01T00:00:00+00:00' AIRFLOW_CTX_TRY_NUMBER='1' AIRFLOW_CTX_DAG_RUN_ID='scheduled__2021-01-01T00:00:00+00:00'
[2023-12-25T11:08:10.621+0000] {taskinstance.py:1824} ERROR - Task failed with exception
Traceback (most recent call last):
  File "/home/airflow/.local/lib/python3.7/site-packages/pandas/io/sql.py", line 2056, in execute
    cur.execute(*args, **kwargs)
psycopg2.errors.UndefinedTable: relation "kwater" does not exist
LINE 1: SELECT * FROM kwater
                      ^


The above exception was the direct cause of the following exception:

Traceback (most recent call last):
  File "/home/airflow/.local/lib/python3.7/site-packages/airflow/operators/python.py", line 181, in execute
    return_value = self.execute_callable()
  File "/home/airflow/.local/lib/python3.7/site-packages/airflow/operators/python.py", line 198, in execute_callable
    return self.python_callable(*self.op_args, **self.op_kwargs)
  File "/opt/airflow/dags/producer.py", line 24, in generate_random_data
    df = pd.read_sql(query, conn)
  File "/home/airflow/.local/lib/python3.7/site-packages/pandas/io/sql.py", line 608, in read_sql
    chunksize=chunksize,
  File "/home/airflow/.local/lib/python3.7/site-packages/pandas/io/sql.py", line 2116, in read_query
    cursor = self.execute(*args)
  File "/home/airflow/.local/lib/python3.7/site-packages/pandas/io/sql.py", line 2068, in execute
    raise ex from exc
pandas.io.sql.DatabaseError: Execution failed on sql 'SELECT * FROM kwater': relation "kwater" does not exist
LINE 1: SELECT * FROM kwater
                      ^

[2023-12-25T11:08:10.627+0000] {taskinstance.py:1350} INFO - Marking task as FAILED. dag_id=producer_dag, task_id=generate_random_data_task, execution_date=20210101T000000, start_date=20231225T110810, end_date=20231225T110810
[2023-12-25T11:08:10.637+0000] {standard_task_runner.py:109} ERROR - Failed to execute job 3 for task generate_random_data_task (Execution failed on sql 'SELECT * FROM kwater': relation "kwater" does not exist
LINE 1: SELECT * FROM kwater
                      ^
; 92)
[2023-12-25T11:08:10.659+0000] {local_task_job_runner.py:225} INFO - Task exited with return code 1
[2023-12-25T11:08:10.675+0000] {taskinstance.py:2653} INFO - 0 downstream tasks scheduled from follow-on schedule check
